<?xml version="1.0" encoding="UTF-8"?>
<!-- Generated by org.testng.reporters.JUnitReportReporter -->
<testsuite hostname="DESKTOP-LLLGMOJ" failures="0" tests="2" name="day11.testngExample2.GoogleApplicationWithBeforeAfterTest" time="2.116" errors="0" timestamp="2025-04-20T15:28:25 IST" skipped="0">
  <testcase classname="day11.testngExample2.GoogleApplicationWithBeforeAfterTest" name="testGoogleLandingPage" time="0.028"/>
  <testcase classname="day11.testngExample2.GoogleApplicationWithBeforeAfterTest" name="testSearch" time="2.088"/>
</testsuite> <!-- day11.testngExample2.GoogleApplicationWithBeforeAfterTest -->
