<?xml version="1.0" encoding="UTF-8"?>
<!-- Generated by org.testng.reporters.JUnitReportReporter -->
<testsuite hostname="DESKTOP-LLLGMOJ" failures="0" tests="2" name="day11.testngExample2.GoogleApplicationWithBeforeAfterMethod" time="11.959" errors="0" timestamp="2025-04-20T15:30:05 IST" skipped="0">
  <testcase classname="day11.testngExample2.GoogleApplicationWithBeforeAfterMethod" name="testGoogleLandingPage" time="5.608"/>
  <testcase classname="day11.testngExample2.GoogleApplicationWithBeforeAfterMethod" name="testSearch" time="6.351"/>
</testsuite> <!-- day11.testngExample2.GoogleApplicationWithBeforeAfterMethod -->
