<?xml version="1.0" encoding="UTF-8"?>
<!-- Generated by org.testng.reporters.JUnitReportReporter -->
<testsuite hostname="DESKTOP-LLLGMOJ" failures="0" tests="3" name="day11.advancetestng.ParallelExecutionTest" time="30.437" errors="0" timestamp="2025-04-24T07:44:26 IST" skipped="0">
  <testcase classname="day11.advancetestng.ParallelExecutionTest" name="testLoginOfVtiger" time="4.774"/>
  <testcase classname="day11.advancetestng.ParallelExecutionTest" name="testLoginOfVtiger" time="7.770"/>
  <testcase classname="day11.advancetestng.ParallelExecutionTest" name="testLoginOfVtiger" time="17.893"/>
</testsuite> <!-- day11.advancetestng.ParallelExecutionTest -->
