<?xml version="1.0" encoding="UTF-8"?>
<!-- Generated by org.testng.reporters.JUnitReportReporter -->
<testsuite hostname="DESKTOP-LLLGMOJ" failures="0" tests="2" name="orangeHrmTestScripts.OrangeHrmLoginLogout" time="18.411" errors="0" timestamp="2025-04-27T08:30:52 IST" skipped="0">
  <testcase classname="orangeHrmTestScripts.OrangeHrmLoginLogout" name="testLoginPage" time="7.298"/>
  <testcase classname="orangeHrmTestScripts.OrangeHrmLoginLogout" name="testLoginLougoutOfOrangeHrm" time="11.113"/>
</testsuite> <!-- orangeHrmTestScripts.OrangeHrmLoginLogout -->
