<?xml version="1.0" encoding="UTF-8"?>
<!-- Generated by org.testng.reporters.JUnitReportReporter -->
<testsuite hostname="DESKTOP-LLLGMOJ" failures="0" tests="3" name="day11.advancetestng.GroupExamples" time="0.036" errors="0" timestamp="2025-04-24T07:23:13 IST" skipped="0">
  <testcase classname="day11.advancetestng.GroupExamples" name="testCaseOne" time="0.002"/>
  <testcase classname="day11.advancetestng.GroupExamples" name="testCaseFour" time="0.027"/>
  <testcase classname="day11.advancetestng.GroupExamples" name="testCaseTwo" time="0.007"/>
</testsuite> <!-- day11.advancetestng.GroupExamples -->
