<?xml version="1.0" encoding="UTF-8"?>
<!-- Generated by org.testng.reporters.JUnitReportReporter -->
<testsuite hostname="DESKTOP-LLLGMOJ" failures="0" tests="1" name="day11.testngExample2.Example1" time="0.001" errors="0" timestamp="2025-04-20T15:32:19 IST" skipped="0">
  <testcase classname="day11.testngExample2.Example1" name="TC1" time="0.001"/>
</testsuite> <!-- day11.testngExample2.Example1 -->
