<?xml version="1.0" encoding="UTF-8"?>
<!-- Generated by org.testng.reporters.JUnitReportReporter -->
<testsuite hostname="DESKTOP-LLLGMOJ" failures="0" tests="1" name="day11.exdentreport.ActitimeLoginValidation" time="10.147" errors="0" timestamp="2025-04-26T07:45:50 IST" skipped="0">
  <testcase classname="day11.exdentreport.ActitimeLoginValidation" name="testActitimeLogin" time="10.147"/>
</testsuite> <!-- day11.exdentreport.ActitimeLoginValidation -->
