<?xml version="1.0" encoding="UTF-8"?>
<!-- Generated by org.testng.reporters.JUnitReportReporter -->
<testsuite hostname="DESKTOP-LLLGMOJ" failures="0" tests="1" name="day11.exdentreport.ExtentDemo" time="5.294" errors="0" timestamp="2025-04-26T07:38:08 IST" skipped="0">
  <testcase classname="day11.exdentreport.ExtentDemo" name="extentReportsDemo" time="5.294"/>
</testsuite> <!-- day11.exdentreport.ExtentDemo -->
