<?xml version="1.0" encoding="UTF-8"?>
<!-- Generated by org.testng.reporters.JUnitReportReporter -->
<testsuite hostname="DESKTOP-LLLGMOJ" failures="0" tests="3" name="day11.advancetestng.DataProviderExample" time="31.622" errors="0" timestamp="2025-04-24T07:36:55 IST" skipped="0">
  <testcase classname="day11.advancetestng.DataProviderExample" name="testLoginOfVtiger" time="10.422"/>
  <testcase classname="day11.advancetestng.DataProviderExample" name="testLoginOfVtiger" time="8.687"/>
  <testcase classname="day11.advancetestng.DataProviderExample" name="testLoginOfVtiger" time="12.513"/>
</testsuite> <!-- day11.advancetestng.DataProviderExample -->
