<?xml version="1.0" encoding="UTF-8"?>
<!-- Generated by org.testng.reporters.JUnitReportReporter -->
<testsuite hostname="DESKTOP-LLLGMOJ" failures="0" tests="2" name="day11.testngExample2.Example5" time="0.015" errors="0" timestamp="2025-04-20T15:32:19 IST" skipped="0">
  <testcase classname="day11.testngExample2.Example5" name="testActitime" time="0.010"/>
  <testcase classname="day11.testngExample2.Example5" name="testOrangeHrm" time="0.005"/>
</testsuite> <!-- day11.testngExample2.Example5 -->
