<?xml version="1.0" encoding="UTF-8"?>
<!-- Generated by org.testng.reporters.JUnitReportReporter -->
<testsuite hostname="DESKTOP-LLLGMOJ" failures="0" tests="3" name="day11.advancetestng.GroupExamples2" time="0.034" errors="0" timestamp="2025-04-24T07:23:13 IST" skipped="0">
  <testcase classname="day11.advancetestng.GroupExamples2" name="testLeads" time="0.011"/>
  <testcase classname="day11.advancetestng.GroupExamples2" name="testLogin" time="0.016"/>
  <testcase classname="day11.advancetestng.GroupExamples2" name="testSignIn" time="0.007"/>
</testsuite> <!-- day11.advancetestng.GroupExamples2 -->
