<?xml version="1.0" encoding="UTF-8"?>
<!-- Generated by org.testng.reporters.JUnitReportReporter -->
<testsuite hostname="DESKTOP-LLLGMOJ" failures="0" tests="3" name="day11.testngExample2.Example2" time="0.009" errors="0" timestamp="2025-04-20T15:32:19 IST" skipped="0">
  <testcase classname="day11.testngExample2.Example2" name="TC2" time="0.004"/>
  <testcase classname="day11.testngExample2.Example2" name="TC3" time="0.003"/>
  <testcase classname="day11.testngExample2.Example2" name="TC1" time="0.002"/>
</testsuite> <!-- day11.testngExample2.Example2 -->
