<?xml version="1.0" encoding="UTF-8"?>
<!-- Generated by org.testng.reporters.JUnitReportReporter -->
<testsuite hostname="DESKTOP-LLLGMOJ" failures="0" tests="1" name="day10.ddt.ExcelOperations" time="1.065" errors="0" timestamp="2025-04-20T15:55:17 IST" skipped="0">
  <testcase classname="day10.ddt.ExcelOperations" name="performOperationOnCell" time="1.065"/>
</testsuite> <!-- day10.ddt.ExcelOperations -->
