<?xml version="1.0" encoding="UTF-8"?>
<!-- Generated by org.testng.reporters.JUnitReportReporter -->
<testsuite hostname="DESKTOP-LLLGMOJ" failures="0" tests="5" name="day11.testngExample2.Example3" time="1.036" errors="0" timestamp="2025-04-20T15:32:19 IST" skipped="1">
  <testcase classname="day11.testngExample2.Example3" name="testLoginOrangeHrm" time="1.026"/>
  <testcase classname="day11.testngExample2.Example3" name="testPIMUpdateOrangeHrm" time="0.003"/>
  <testcase classname="day11.testngExample2.Example3" name="testPIMDeleteOrangeHrm" time="0.004"/>
  <testcase classname="day11.testngExample2.Example3" name="testLogoutOrangeHrm" time="0.003"/>
  <testcase classname="day11.testngExample2.Example3" name="testPIMCreationOrangeHrm">
    <skipped/>
  </testcase> <!-- testPIMCreationOrangeHrm -->
</testsuite> <!-- day11.testngExample2.Example3 -->
