<?xml version="1.0" encoding="UTF-8"?>
<!-- Generated by org.testng.reporters.JUnitReportReporter -->
<testsuite hostname="DESKTOP-LLLGMOJ" failures="0" tests="4" name="day11.testngExample2.ClassLabelAnnotations" time="0.032" errors="0" timestamp="2025-04-20T15:33:46 IST" skipped="0">
  <testcase classname="day11.testngExample2.ClassLabelAnnotations" name="testCase2" time="0.003"/>
  <testcase classname="day11.testngExample2.ClassLabelAnnotations" name="testCase3" time="0.013"/>
  <testcase classname="day11.testngExample2.ClassLabelAnnotations" name="testCase1" time="0.014"/>
  <testcase classname="day11.testngExample2.ClassLabelAnnotations" name="testCase4" time="0.002"/>
</testsuite> <!-- day11.testngExample2.ClassLabelAnnotations -->
